0 info it worked if it ends with ok
1 verbose cli [ '/usr/local/bin/node',
1 verbose cli   '/usr/local/bin/npm',
1 verbose cli   'install',
1 verbose cli   '-g',
1 verbose cli   'bower' ]
2 info using npm@2.14.20
3 info using node@v4.4.0
4 verbose install initial load of /usr/local/lib/package.json
5 verbose readDependencies loading dependencies from /usr/local/lib/package.json
6 silly cache add args [ 'bower', null ]
7 verbose cache add spec bower
8 silly cache add parsed spec Result {
8 silly cache add   raw: 'bower',
8 silly cache add   scope: null,
8 silly cache add   name: 'bower',
8 silly cache add   rawSpec: '',
8 silly cache add   spec: 'latest',
8 silly cache add   type: 'tag' }
9 silly addNamed bower@latest
10 verbose addNamed "latest" is being treated as a dist-tag for bower
11 info addNameTag [ 'bower', 'latest' ]
12 silly mapToRegistry name bower
13 silly mapToRegistry using default registry
14 silly mapToRegistry registry https://registry.npmjs.org/
15 silly mapToRegistry uri https://registry.npmjs.org/bower
16 verbose addNameTag registry:https://registry.npmjs.org/bower not in flight; fetching
17 verbose request uri https://registry.npmjs.org/bower
18 verbose request no auth needed
19 info attempt registry request try #1 at 5:43:22 PM
20 verbose request id c76b8ae4f18b01e6
21 verbose etag "7EYHE4E0SXDJ3PAICMHRFRQ5X"
22 http request GET https://registry.npmjs.org/bower
23 http 304 https://registry.npmjs.org/bower
24 verbose headers { date: 'Fri, 22 Apr 2016 21:43:22 GMT',
24 verbose headers   via: '1.1 varnish',
24 verbose headers   'cache-control': 'max-age=300',
24 verbose headers   etag: '"7EYHE4E0SXDJ3PAICMHRFRQ5X"',
24 verbose headers   age: '221',
24 verbose headers   connection: 'keep-alive',
24 verbose headers   'x-served-by': 'cache-jfk1032-JFK',
24 verbose headers   'x-cache': 'HIT',
24 verbose headers   'x-cache-hits': '4',
24 verbose headers   'x-timer': 'S1461361402.956521,VS0,VE0',
24 verbose headers   vary: 'Accept-Encoding' }
25 silly get cb [ 304,
25 silly get   { date: 'Fri, 22 Apr 2016 21:43:22 GMT',
25 silly get     via: '1.1 varnish',
25 silly get     'cache-control': 'max-age=300',
25 silly get     etag: '"7EYHE4E0SXDJ3PAICMHRFRQ5X"',
25 silly get     age: '221',
25 silly get     connection: 'keep-alive',
25 silly get     'x-served-by': 'cache-jfk1032-JFK',
25 silly get     'x-cache': 'HIT',
25 silly get     'x-cache-hits': '4',
25 silly get     'x-timer': 'S1461361402.956521,VS0,VE0',
25 silly get     vary: 'Accept-Encoding' } ]
26 verbose etag https://registry.npmjs.org/bower from cache
27 verbose get saving bower to /Users/onbrian/.npm/registry.npmjs.org/bower/.cache.json
28 verbose correctMkdir /Users/onbrian/.npm correctMkdir not in flight; initializing
29 silly addNameTag next cb for bower with tag latest
30 silly addNamed bower@1.7.9
31 verbose addNamed "1.7.9" is a plain semver version for bower
32 silly cache afterAdd bower@1.7.9
33 verbose afterAdd /Users/onbrian/.npm/bower/1.7.9/package/package.json not in flight; writing
34 verbose correctMkdir /Users/onbrian/.npm correctMkdir not in flight; initializing
35 verbose afterAdd /Users/onbrian/.npm/bower/1.7.9/package/package.json written
36 silly install resolved [ { name: 'bower',
36 silly install resolved     version: '1.7.9',
36 silly install resolved     description: 'The browser package manager',
36 silly install resolved     author: { name: 'Twitter' },
36 silly install resolved     license: 'MIT',
36 silly install resolved     repository: { type: 'git', url: 'git+https://github.com/bower/bower.git' },
36 silly install resolved     main: 'lib',
36 silly install resolved     bin: { bower: 'bin/bower' },
36 silly install resolved     homepage: 'http://bower.io',
36 silly install resolved     engines: { node: '>=0.10.0' },
36 silly install resolved     keywords: [ 'bower' ],
36 silly install resolved     files: [ 'bin', 'lib' ],
36 silly install resolved     bugs: { url: 'https://github.com/bower/bower/issues' },
36 silly install resolved     _id: 'bower@1.7.9',
36 silly install resolved     scripts: {},
36 silly install resolved     _shasum: 'b7296c2393e0d75edaa6ca39648132dd255812b0',
36 silly install resolved     _from: 'bower@latest',
36 silly install resolved     _npmVersion: '3.7.3',
36 silly install resolved     _nodeVersion: '5.9.0',
36 silly install resolved     _npmUser: { name: 'sheerun', email: 'sheerun@sher.pl' },
36 silly install resolved     dist:
36 silly install resolved      { shasum: 'b7296c2393e0d75edaa6ca39648132dd255812b0',
36 silly install resolved        tarball: 'https://registry.npmjs.org/bower/-/bower-1.7.9.tgz' },
36 silly install resolved     maintainers:
36 silly install resolved      [ [Object],
36 silly install resolved        [Object],
36 silly install resolved        [Object],
36 silly install resolved        [Object],
36 silly install resolved        [Object],
36 silly install resolved        [Object],
36 silly install resolved        [Object] ],
36 silly install resolved     _npmOperationalInternal:
36 silly install resolved      { host: 'packages-12-west.internal.npmjs.com',
36 silly install resolved        tmp: 'tmp/bower-1.7.9.tgz_1459857239351_0.9720134933013469' },
36 silly install resolved     directories: {},
36 silly install resolved     _resolved: 'https://registry.npmjs.org/bower/-/bower-1.7.9.tgz',
36 silly install resolved     readme: 'ERROR: No README data found!' } ]
37 info install bower@1.7.9 into /usr/local/lib
38 info installOne bower@1.7.9
39 verbose installOne of bower to /usr/local/lib not in flight; installing
40 verbose correctMkdir /Users/onbrian/.npm/_locks correctMkdir not in flight; initializing
41 verbose lock using /Users/onbrian/.npm/_locks/bower-e8debc5417026b57.lock for /usr/local/lib/node_modules/bower
42 silly install write writing bower 1.7.9 to /usr/local/lib/node_modules/bower
43 verbose unbuild lib/node_modules/bower
44 info preuninstall bower@1.7.9
45 info uninstall bower@1.7.9
46 verbose unbuild rmStuff bower@1.7.9 from /usr/local/lib/node_modules
47 silly gentlyRm /usr/local/bin/bower is being gently removed
48 silly gentlyRm verifying /usr/local is an npm working directory
49 silly gentlyRm containing path /usr/local is under npm's control, in /usr/local
50 silly gentlyRm deletion target /usr/local/bin/bower is under /usr/local
51 verbose gentlyRm vacuuming from /usr/local/bin/bower up to /usr/local
52 silly vacuum-fs removing /usr/local/bin/bower
53 verbose unlock done using /Users/onbrian/.npm/_locks/bower-e8debc5417026b57.lock for /usr/local/lib/node_modules/bower
54 verbose stack Error: EACCES: permission denied, unlink '/usr/local/bin/bower'
54 verbose stack     at Error (native)
55 verbose cwd /Users/onbrian/spring2016/COS_333/locomotive
56 error Darwin 15.0.0
57 error argv "/usr/local/bin/node" "/usr/local/bin/npm" "install" "-g" "bower"
58 error node v4.4.0
59 error npm  v2.14.20
60 error path /usr/local/bin/bower
61 error code EACCES
62 error errno -13
63 error syscall unlink
64 error Error: EACCES: permission denied, unlink '/usr/local/bin/bower'
64 error     at Error (native)
64 error  { [Error: EACCES: permission denied, unlink '/usr/local/bin/bower']
64 error   errno: -13,
64 error   code: 'EACCES',
64 error   syscall: 'unlink',
64 error   path: '/usr/local/bin/bower' }
65 error Please try running this command again as root/Administrator.
66 verbose exit [ -13, true ]
67 verbose unbuild lib/node_modules/bower
68 info preuninstall bower@1.7.9
69 info uninstall bower@1.7.9
70 verbose unbuild rmStuff bower@1.7.9 from /usr/local/lib/node_modules
71 silly gentlyRm /usr/local/bin/bower is being gently removed
72 silly gentlyRm verifying /usr/local is an npm working directory
73 silly gentlyRm containing path /usr/local is under npm's control, in /usr/local
74 silly gentlyRm deletion target /usr/local/bin/bower is under /usr/local
75 verbose gentlyRm vacuuming from /usr/local/bin/bower up to /usr/local
76 silly vacuum-fs removing /usr/local/bin/bower
77 error error rolling back Error: EACCES: permission denied, unlink '/usr/local/bin/bower'
77 error error rolling back     at Error (native)
77 error error rolling back  { [Error: EACCES: permission denied, unlink '/usr/local/bin/bower']
77 error error rolling back   errno: -13,
77 error error rolling back   code: 'EACCES',
77 error error rolling back   syscall: 'unlink',
77 error error rolling back   path: '/usr/local/bin/bower' }
