[INFO  - 2016-04-08T15:12:17.307Z] GhostDriver - Main - running on port 55661
[INFO  - 2016-04-08T15:12:17.874Z] Session [488e29b0-fd9c-11e5-aad5-e19cf8b26582] - page.settings - {"XSSAuditingEnabled":false,"javascriptCanCloseWindows":true,"javascriptCanOpenWindows":true,"javascriptEnabled":true,"loadImages":true,"localToRemoteUrlAccessEnabled":false,"userAgent":"Mozilla/5.0 (Macintosh; Intel Mac OS X) AppleWebKit/538.1 (KHTML, like Gecko) PhantomJS/2.1.1 Safari/538.1","webSecurityEnabled":true}
[INFO  - 2016-04-08T15:12:17.874Z] Session [488e29b0-fd9c-11e5-aad5-e19cf8b26582] - page.customHeaders:  - {}
[INFO  - 2016-04-08T15:12:17.874Z] Session [488e29b0-fd9c-11e5-aad5-e19cf8b26582] - Session.negotiatedCapabilities - {"browserName":"phantomjs","version":"2.1.1","driverName":"ghostdriver","driverVersion":"1.2.0","platform":"mac-10.11 (El Capitan)-64bit","javascriptEnabled":true,"takesScreenshot":true,"handlesAlerts":false,"databaseEnabled":false,"locationContextEnabled":false,"applicationCacheEnabled":false,"browserConnectionEnabled":false,"cssSelectorsEnabled":true,"webStorageEnabled":false,"rotatable":false,"acceptSslCerts":false,"nativeEvents":true,"proxy":{"proxyType":"direct"}}
[INFO  - 2016-04-08T15:12:17.874Z] SessionManagerReqHand - _postNewSessionCommand - New Session Created: 488e29b0-fd9c-11e5-aad5-e19cf8b26582
[ERROR - 2016-04-08T15:12:18.729Z] Session [488e29b0-fd9c-11e5-aad5-e19cf8b26582] - page.onError - msg: TypeError: undefined is not an object (evaluating 'result.astronomy.sunrise')

  phantomjs://platform/console++.js:263 in error
[ERROR - 2016-04-08T15:12:18.730Z] Session [488e29b0-fd9c-11e5-aad5-e19cf8b26582] - page.onError - stack:
  (anonymous function) (http://www.njtransit.com/javascript/jquery.simpleWeather.js:46)
  each (http://www.njtransit.com/javascript/jquery-1.7.1.min.js:2)
  (anonymous function) (http://www.njtransit.com/javascript/jquery.simpleWeather.js:41)
  n (http://www.njtransit.com/javascript/jquery-1.7.1.min.js:2)
  fireWith (http://www.njtransit.com/javascript/jquery-1.7.1.min.js:2)
  w (http://www.njtransit.com/javascript/jquery-1.7.1.min.js:4)
  onreadystatechange (http://www.njtransit.com/javascript/jquery-1.7.1.min.js:4)

  phantomjs://platform/console++.js:263 in error
[ERROR - 2016-04-08T15:12:20.409Z] Session [488e29b0-fd9c-11e5-aad5-e19cf8b26582] - page.onError - msg: TypeError: undefined is not an object (evaluating 'result.astronomy.sunrise')

  phantomjs://platform/console++.js:263 in error
[ERROR - 2016-04-08T15:12:20.409Z] Session [488e29b0-fd9c-11e5-aad5-e19cf8b26582] - page.onError - stack:
  (anonymous function) (http://www.njtransit.com/javascript/jquery.simpleWeather.js:46)
  each (http://www.njtransit.com/javascript/jquery-1.7.1.min.js:2)
  (anonymous function) (http://www.njtransit.com/javascript/jquery.simpleWeather.js:41)
  n (http://www.njtransit.com/javascript/jquery-1.7.1.min.js:2)
  fireWith (http://www.njtransit.com/javascript/jquery-1.7.1.min.js:2)
  w (http://www.njtransit.com/javascript/jquery-1.7.1.min.js:4)
  onreadystatechange (http://www.njtransit.com/javascript/jquery-1.7.1.min.js:4)

  phantomjs://platform/console++.js:263 in error
